        -:    0:Source:cardtest1.c
        -:    0:Graph:cardtest1.gcno
        -:    0:Data:cardtest1.gcda
        -:    0:Runs:1
        -:    0:Programs:1
        -:    1:#include "dominion.h"
        -:    2:#include "dominion_helpers.h"
        -:    3:#include <string.h>
        -:    4:#include <stdio.h>
        -:    5:#include <assert.h>
        -:    6:#include <stdlib.h>
        -:    7:#include "rngs.h"
        -:    8:
        -:    9:
        -:   10:/*********************************************
        -:   11: * void assertTrue(int, int)
        -:   12: * This function checks for equality between
        -:   13: * two values and lets the user know
        -:   14: * if the test passed or not.
        -:   15:**********************************************/
       17:   16:void assertTrue(int x, int y) {
       17:   17:  if (x == y) {
       15:   18:    printf("TEST SUCCESSFULLY COMPLETED\n");
        -:   19:  } else {
        2:   20:    printf("TEST FAILED\n");
        2:   21:    printf("After: %d | Before: %d\n", x, y);
        -:   22:  }
       17:   23:}
        -:   24:
        1:   25:int main() {
        -:   26:  // Declare all the necessary variables
        1:   27:  int seed = 1111;
        1:   28:  int numPlayers = 2;
        1:   29:  int handpos = 0, choice1 = 0, choice2 = 0, choice3 = 0, bonus = 0;
        1:   30:  int player1 = 0;
        1:   31:  int player2 = 1;
        1:   32:  int k[10] = {adventurer, embargo, village, minion, mine, cutpurse,
        -:   33:	       sea_hag, tribute, smithy, council_room};
        -:   34:
        -:   35:  // Records the state before and after a card effect
        -:   36:  struct gameState before, after;
        1:   37:  memset(&before, 23, sizeof(struct gameState));
        1:   38:  memset(&after, 23, sizeof(struct gameState));
        -:   39:  
        -:   40:  // Initialize the game and copy the state to "before" 
        1:   41:  initializeGame(numPlayers, k, seed, &after);
        1:   42:  memcpy(&before, &after, sizeof(struct gameState));
        -:   43:
        -:   44:  // Testing
        1:   45:  printf("Testing: Smithy\n");
        1:   46:  cardEffect(smithy, choice1, choice2, choice3, &after, handpos, &bonus);
        -:   47:
        -:   48:  // Check if the player drew 3 cards (Note: +2 to account for smithy discard)
        1:   49:  printf("\nTest: Player 1 drew three cards\n");
        1:   50:  assertTrue(after.handCount[player1], before.handCount[player1] + 2);
        -:   51:
        -:   52:  // Check if the player gains 3 cards from his deck
        1:   53:  printf("\nTest: Player 1 drew three cards from his deck\n");
        1:   54:  assertTrue(after.deckCount[player1], before.deckCount[player1] - 3);
        -:   55:
        -:   56:  // Player 2's state should remain unchanged
        1:   57:  printf("\nPlayer 2 should remain unchanged\n");
        1:   58:  printf("Test: Player 2's Deck Count\n");
        1:   59:  assertTrue(after.deckCount[player2], before.deckCount[player2]);
        1:   60:  printf("Test: Player 2's Hand Count\n");
        1:   61:  assertTrue(after.handCount[player2], before.handCount[player2]);
        -:   62:  
        -:   63:  // The kingdom supply should be unchanged
        1:   64:  printf("\nThe kingdom supply should be unchanged\n");
        1:   65:  printf("This should return 10 successful tests\n");
        -:   66:  int i;
       11:   67:  for (i = 0; i < 10; i++) {
       10:   68:    printf("Test %d: ", i);
       10:   69:    assertTrue(after.supplyCount[k[i]], before.supplyCount[k[i]]);
        -:   70:  }
        -:   71:
        -:   72:  // Victory cards should remain unchanged
        1:   73:  printf("\nThe victory card supply should remain unchanged\n");
        -:   74:  // Estate supply
        1:   75:  printf("Test: Estate quantity\n");
        1:   76:  assertTrue(after.supplyCount[estate], before.supplyCount[estate]);
        -:   77:  // Duchy supply
        1:   78:  printf("Test: Duchy quantity\n");
        1:   79:  assertTrue(after.supplyCount[duchy], before.supplyCount[duchy]);
        -:   80:  // Province supply
        1:   81:  printf("Test: Province quantity\n");
        1:   82:  assertTrue(after.supplyCount[province], before.supplyCount[province]);
        -:   83:
        1:   84:  return 0;
        -:   85:
        -:   86:}
